<?xml version="1.0" encoding="UTF-8"?>
<!-- Generated by org.testng.reporters.JUnitXMLReporter -->
<testsuite ignored="0" hostname="PSL-1T9GDN3" failures="0" tests="3" name="Test3" time="114.834" errors="0" timestamp="2022-10-06T11:30:43 IST">
  <testcase classname="com.test.Features_test" name="Read" time="66.426"/>
  <testcase classname="com.test.Features_test" name="newsletterValid" time="17.408"/>
  <testcase classname="com.test.Features_test" name="newsletterInvalid" time="15.445"/>
</testsuite> <!-- Test3 -->
