<?xml version="1.0" encoding="UTF-8"?>
<!-- Generated by org.testng.reporters.JUnitXMLReporter -->
<testsuite ignored="0" hostname="PSL-1T9GDN3" failures="0" tests="6" name="Test7" time="246.088" errors="0" timestamp="2022-10-06T11:38:13 IST">
  <testcase classname="com.test.Resources_test" name="showcase" time="12.453"/>
  <testcase classname="com.test.Resources_test" name="contactUs" time="19.29"/>
  <testcase classname="com.test.Resources_test" name="partners" time="17.555"/>
  <testcase classname="com.test.Resources_test" name="Books" time="36.988"/>
  <testcase classname="com.test.Resources_test" name="git_bug_tracker" time="45.734"/>
  <testcase classname="com.test.Resources_test" name="forums" time="53.964"/>
</testsuite> <!-- Test7 -->
