<?xml version="1.0" encoding="UTF-8"?>
<!-- Generated by org.testng.reporters.JUnitXMLReporter -->
<testsuite ignored="0" hostname="PSL-1T9GDN3" failures="0" tests="3" name="Test1" time="117.966" errors="0" timestamp="2022-10-06T11:27:55 IST">
  <testcase classname="com.test.Register_test" name="RegisterValid" time="32.149"/>
  <testcase classname="com.test.Register_test" name="RegisterInValid" time="31.285"/>
  <testcase classname="com.test.Register_test" name="RegisterEmptyField" time="32.65"/>
</testsuite> <!-- Test1 -->
