<?xml version="1.0" encoding="UTF-8"?>
<!-- Generated by org.testng.reporters.JUnitXMLReporter -->
<testsuite ignored="0" hostname="PSL-1T9GDN3" failures="0" tests="3" name="Test2" time="52.575" errors="0" timestamp="2022-10-06T11:28:48 IST">
  <testcase classname="com.test.Login_test" name="TestCase1" time="13.451"/>
  <testcase classname="com.test.Login_test" name="TestCase2" time="9.463"/>
  <testcase classname="com.test.Login_test" name="TestCase3" time="12.526"/>
</testsuite> <!-- Test2 -->
